# JRE version: OpenJDK Runtime Environment (8.0_242-b01) (build 1.8.0_242-release-1644-b01)
# Java VM: OpenJDK 64-Bit Server VM (25.242-b01 mixed mode windows-amd64 compressed oops)
Heap:
 PSYoungGen      total 134656K, used 97855K [0x00000000f5580000, 0x0000000100000000, 0x0000000100000000)
  eden space 96768K, 76% used [0x00000000f5580000,0x00000000f9dc3c80,0x00000000fb400000)
  from space 37888K, 62% used [0x00000000fdb00000,0x00000000ff24c318,0x0000000100000000)
  to   space 38912K, 0% used [0x00000000fb400000,0x00000000fb400000,0x00000000fda00000)
 ParOldGen       total 207872K, used 64796K [0x00000000e0000000, 0x00000000ecb00000, 0x00000000f5580000)
  object space 207872K, 31% used [0x00000000e0000000,0x00000000e3f47090,0x00000000ecb00000)
 Metaspace       used 83018K, capacity 89160K, committed 89496K, reserved 1126400K
  class space    used 11282K, capacity 12609K, committed 12720K, reserved 1048576K
GC Heap History (10 events):
Event: 45.556 GC heap before
{Heap before GC invocations=23 (full 3):
 PSYoungGen      total 138240K, used 137953K [0x00000000f5580000, 0x0000000100000000, 0x0000000100000000)
  eden space 120320K, 100% used [0x00000000f5580000,0x00000000fcb00000,0x00000000fcb00000)
  from space 17920K, 98% used [0x00000000fcb00000,0x00000000fdc385f0,0x00000000fdc80000)
  to   space 28160K, 0% used [0x00000000fe480000,0x00000000fe480000,0x0000000100000000)
 ParOldGen       total 207872K, used 48216K [0x00000000e0000000, 0x00000000ecb00000, 0x00000000f5580000)
  object space 207872K, 23% used [0x00000000e0000000,0x00000000e2f163f8,0x00000000ecb00000)
 Metaspace       used 74186K, capacity 78376K, committed 78744K, reserved 1116160K
  class space    used 10043K, capacity 11075K, committed 11184K, reserved 1048576K
Event: 45.565 GC heap after
Heap after GC invocations=23 (full 3):
 PSYoungGen      total 146432K, used 15565K [0x00000000f5580000, 0x0000000100000000, 0x0000000100000000)
  eden space 118272K, 0% used [0x00000000f5580000,0x00000000f5580000,0x00000000fc900000)
  from space 28160K, 55% used [0x00000000fe480000,0x00000000ff3b3500,0x0000000100000000)
  to   space 28160K, 0% used [0x00000000fc900000,0x00000000fc900000,0x00000000fe480000)
 ParOldGen       total 207872K, used 48224K [0x00000000e0000000, 0x00000000ecb00000, 0x00000000f5580000)
  object space 207872K, 23% used [0x00000000e0000000,0x00000000e2f183f8,0x00000000ecb00000)
 Metaspace       used 74186K, capacity 78376K, committed 78744K, reserved 1116160K
  class space    used 10043K, capacity 11075K, committed 11184K, reserved 1048576K
}
Event: 48.175 GC heap before
{Heap before GC invocations=24 (full 3):
 PSYoungGen      total 146432K, used 133837K [0x00000000f5580000, 0x0000000100000000, 0x0000000100000000)
  eden space 118272K, 100% used [0x00000000f5580000,0x00000000fc900000,0x00000000fc900000)
  from space 28160K, 55% used [0x00000000fe480000,0x00000000ff3b3500,0x0000000100000000)
  to   space 28160K, 0% used [0x00000000fc900000,0x00000000fc900000,0x00000000fe480000)
 ParOldGen       total 207872K, used 48224K [0x00000000e0000000, 0x00000000ecb00000, 0x00000000f5580000)
  object space 207872K, 23% used [0x00000000e0000000,0x00000000e2f183f8,0x00000000ecb00000)
 Metaspace       used 78792K, capacity 83466K, committed 83480K, reserved 1120256K
  class space    used 10733K, capacity 11819K, committed 11824K, reserved 1048576K
Event: 48.190 GC heap after
Heap after GC invocations=24 (full 3):
 PSYoungGen      total 145408K, used 26649K [0x00000000f5580000, 0x0000000100000000, 0x0000000100000000)
  eden space 118272K, 0% used [0x00000000f5580000,0x00000000f5580000,0x00000000fc900000)
  from space 27136K, 98% used [0x00000000fc900000,0x00000000fe306590,0x00000000fe380000)
  to   space 29184K, 0% used [0x00000000fe380000,0x00000000fe380000,0x0000000100000000)
 ParOldGen       total 207872K, used 48232K [0x00000000e0000000, 0x00000000ecb00000, 0x00000000f5580000)
  object space 207872K, 23% used [0x00000000e0000000,0x00000000e2f1a3f8,0x00000000ecb00000)
 Metaspace       used 78792K, capacity 83466K, committed 83480K, reserved 1120256K
  class space    used 10733K, capacity 11819K, committed 11824K, reserved 1048576K
}
Event: 50.039 GC heap before
{Heap before GC invocations=25 (full 3):
 PSYoungGen      total 145408K, used 144921K [0x00000000f5580000, 0x0000000100000000, 0x0000000100000000)
  eden space 118272K, 100% used [0x00000000f5580000,0x00000000fc900000,0x00000000fc900000)
  from space 27136K, 98% used [0x00000000fc900000,0x00000000fe306590,0x00000000fe380000)
  to   space 29184K, 0% used [0x00000000fe380000,0x00000000fe380000,0x0000000100000000)
 ParOldGen       total 207872K, used 48232K [0x00000000e0000000, 0x00000000ecb00000, 0x00000000f5580000)
  object space 207872K, 23% used [0x00000000e0000000,0x00000000e2f1a3f8,0x00000000ecb00000)
 Metaspace       used 82000K, capacity 88148K, committed 88344K, reserved 1124352K
  class space    used 11218K, capacity 12539K, committed 12592K, reserved 1048576K
Event: 50.062 GC heap after
Heap after GC invocations=25 (full 3):
 PSYoungGen      total 129024K, used 29163K [0x00000000f5580000, 0x0000000100000000, 0x0000000100000000)
  eden space 99840K, 0% used [0x00000000f5580000,0x00000000f5580000,0x00000000fb700000)
  from space 29184K, 99% used [0x00000000fe380000,0x00000000ffffae78,0x0000000100000000)
  to   space 37376K, 0% used [0x00000000fb700000,0x00000000fb700000,0x00000000fdb80000)
 ParOldGen       total 207872K, used 51494K [0x00000000e0000000, 0x00000000ecb00000, 0x00000000f5580000)
  object space 207872K, 24% used [0x00000000e0000000,0x00000000e3249bc0,0x00000000ecb00000)
 Metaspace       used 82000K, capacity 88148K, committed 88344K, reserved 1124352K
  class space    used 11218K, capacity 12539K, committed 12592K, reserved 1048576K
}
Event: 50.874 GC heap before
{Heap before GC invocations=26 (full 3):
 PSYoungGen      total 129024K, used 129003K [0x00000000f5580000, 0x0000000100000000, 0x0000000100000000)
  eden space 99840K, 100% used [0x00000000f5580000,0x00000000fb700000,0x00000000fb700000)
  from space 29184K, 99% used [0x00000000fe380000,0x00000000ffffae78,0x0000000100000000)
  to   space 37376K, 0% used [0x00000000fb700000,0x00000000fb700000,0x00000000fdb80000)
 ParOldGen       total 207872K, used 51494K [0x00000000e0000000, 0x00000000ecb00000, 0x00000000f5580000)
  object space 207872K, 24% used [0x00000000e0000000,0x00000000e3249bc0,0x00000000ecb00000)
 Metaspace       used 82594K, capacity 88692K, committed 88856K, reserved 1126400K
  class space    used 11248K, capacity 12571K, committed 12592K, reserved 1048576K
Event: 50.901 GC heap after
Heap after GC invocations=26 (full 3):
 PSYoungGen      total 123392K, used 23449K [0x00000000f5580000, 0x0000000100000000, 0x0000000100000000)
  eden space 99840K, 0% used [0x00000000f5580000,0x00000000f5580000,0x00000000fb700000)
  from space 23552K, 99% used [0x00000000fb700000,0x00000000fcde6578,0x00000000fce00000)
  to   space 37888K, 0% used [0x00000000fdb00000,0x00000000fdb00000,0x0000000100000000)
 ParOldGen       total 207872K, used 64788K [0x00000000e0000000, 0x00000000ecb00000, 0x00000000f5580000)
  object space 207872K, 31% used [0x00000000e0000000,0x00000000e3f45090,0x00000000ecb00000)
 Metaspace       used 82594K, capacity 88692K, committed 88856K, reserved 1126400K
  class space    used 11248K, capacity 12571K, committed 12592K, reserved 1048576K
}
Event: 51.356 GC heap before
{Heap before GC invocations=27 (full 3):
 PSYoungGen      total 123392K, used 123289K [0x00000000f5580000, 0x0000000100000000, 0x0000000100000000)
  eden space 99840K, 100% used [0x00000000f5580000,0x00000000fb700000,0x00000000fb700000)
  from space 23552K, 99% used [0x00000000fb700000,0x00000000fcde6578,0x00000000fce00000)
  to   space 37888K, 0% used [0x00000000fdb00000,0x00000000fdb00000,0x0000000100000000)
 ParOldGen       total 207872K, used 64788K [0x00000000e0000000, 0x00000000ecb00000, 0x00000000f5580000)
  object space 207872K, 31% used [0x00000000e0000000,0x00000000e3f45090,0x00000000ecb00000)
 Metaspace       used 82611K, capacity 88692K, committed 88856K, reserved 1126400K
  class space    used 11249K, capacity 12571K, committed 12592K, reserved 1048576K
Event: 51.372 GC heap after
Heap after GC invocations=27 (full 3):
 PSYoungGen      total 134656K, used 23856K [0x00000000f5580000, 0x0000000100000000, 0x0000000100000000)
  eden space 96768K, 0% used [0x00000000f5580000,0x00000000f5580000,0x00000000fb400000)
  from space 37888K, 62% used [0x00000000fdb00000,0x00000000ff24c318,0x0000000100000000)
  to   space 38912K, 0% used [0x00000000fb400000,0x00000000fb400000,0x00000000fda00000)
 ParOldGen       total 207872K, used 64796K [0x00000000e0000000, 0x00000000ecb00000, 0x00000000f5580000)
  object space 207872K, 31% used [0x00000000e0000000,0x00000000e3f47090,0x00000000ecb00000)
 Metaspace       used 82611K, capacity 88692K, committed 88856K, reserved 1126400K
  class space    used 11249K, capacity 12571K, committed 12592K, reserved 1048576K
}

